<?xml version="1.0" encoding="UTF-8"?>
<!-- Generated by org.testng.reporters.JUnitReportReporter -->
<testsuite hostname="MLI01157" failures="0" tests="1" name="com.mla.testCases.Test1" time="7.608" errors="0" timestamp="13 May 2024 09:42:57 GMT" skipped="0">
  <testcase classname="com.mla.testCases.Test1" name="myCarTest" time="7.608"/>
</testsuite> <!-- com.mla.testCases.Test1 -->
